;  LST file generated by mikroListExporter - v.2.0 
; Date/Time: 16/06/24 10:37:48 PM
;----------------------------------------------

;Address Opcode 	ASM
0x0000	0x28AB      	GOTO       171
_Div_16x16_S_L:
;__Lib_Math.c,420 :: 		
;__Lib_Math.c,426 :: 		
0x0003	0x0D71      	RLF        R1, 0
;__Lib_Math.c,427 :: 		
0x0004	0x0DF8      	RLF        R8, 1
;__Lib_Math.c,428 :: 		
0x0005	0x0DF9      	RLF        R9, 1
;__Lib_Math.c,429 :: 		
0x0006	0x0874      	MOVF       R4, 0
;__Lib_Math.c,430 :: 		
0x0007	0x02F8      	SUBWF      R8, 1
;__Lib_Math.c,431 :: 		
0x0008	0x0875      	MOVF       R5, 0
;__Lib_Math.c,432 :: 		
0x0009	0x1C03      	BTFSS      STATUS, 0
;__Lib_Math.c,433 :: 		
0x000A	0x0F75      	INCFSZ     R5, 0
;__Lib_Math.c,434 :: 		
0x000B	0x02F9      	SUBWF      R9, 1
;__Lib_Math.c,435 :: 		
0x000C	0x0DF0      	RLF        R0, 1
;__Lib_Math.c,436 :: 		
0x000D	0x0DF1      	RLF        R1, 1
;__Lib_Math.c,438 :: 		
0x000E	0x300F      	MOVLW      15
;__Lib_Math.c,439 :: 		
0x000F	0x00FC      	MOVWF      R12
;__Lib_Math.c,441 :: 		
0x0010	0x0D71      	RLF        R1, 0
;__Lib_Math.c,442 :: 		
0x0011	0x0DF8      	RLF        R8, 1
;__Lib_Math.c,443 :: 		
0x0012	0x0DF9      	RLF        R9, 1
;__Lib_Math.c,444 :: 		
0x0013	0x0874      	MOVF       R4, 0
;__Lib_Math.c,446 :: 		
0x0014	0x1C70      	BTFSS      R0, 0
;__Lib_Math.c,447 :: 		
0x0015	0x281C      	GOTO       $+7
;__Lib_Math.c,448 :: 		
0x0016	0x02F8      	SUBWF      R8, 1
;__Lib_Math.c,449 :: 		
0x0017	0x0875      	MOVF       R5, 0
;__Lib_Math.c,450 :: 		
0x0018	0x1C03      	BTFSS      STATUS, 0
;__Lib_Math.c,451 :: 		
0x0019	0x0F75      	INCFSZ     R5, 0
;__Lib_Math.c,452 :: 		
0x001A	0x02F9      	SUBWF      R9, 1
;__Lib_Math.c,453 :: 		
0x001B	0x2821      	GOTO       $+6
;__Lib_Math.c,455 :: 		
0x001C	0x07F8      	ADDWF      R8, 1
;__Lib_Math.c,456 :: 		
0x001D	0x0875      	MOVF       R5, 0
;__Lib_Math.c,457 :: 		
0x001E	0x1803      	BTFSC      STATUS, 0
;__Lib_Math.c,458 :: 		
0x001F	0x0F75      	INCFSZ     R5, 0
;__Lib_Math.c,459 :: 		
0x0020	0x07F9      	ADDWF      R9, 1
;__Lib_Math.c,461 :: 		
0x0021	0x0DF0      	RLF        R0, 1
;__Lib_Math.c,462 :: 		
0x0022	0x0DF1      	RLF        R1, 1
;__Lib_Math.c,464 :: 		
0x0023	0x0BFC      	DECFSZ     R12, 1
;__Lib_Math.c,465 :: 		
0x0024	0x2810      	GOTO       $-20
;__Lib_Math.c,467 :: 		
0x0025	0x1870      	BTFSC      R0, 0
;__Lib_Math.c,468 :: 		
0x0026	0x282D      	GOTO       $+7
;__Lib_Math.c,469 :: 		
0x0027	0x0874      	MOVF       R4, 0
;__Lib_Math.c,470 :: 		
0x0028	0x07F8      	ADDWF      R8, 1
;__Lib_Math.c,471 :: 		
0x0029	0x0875      	MOVF       R5, 0
;__Lib_Math.c,472 :: 		
0x002A	0x1803      	BTFSC      STATUS, 0
;__Lib_Math.c,473 :: 		
0x002B	0x0F75      	INCFSZ     R5, 0
;__Lib_Math.c,474 :: 		
0x002C	0x07F9      	ADDWF      R9, 1
;__Lib_Math.c,475 :: 		
0x002D	0x0000      	NOP
;__Lib_Math.c,477 :: 		
L_end_Div_16x16_S_L:
0x002E	0x0008      	RETURN
; end of _Div_16x16_S_L
_____DoICP:
;__Lib_System.c,6 :: 		
;__Lib_System.c,9 :: 		
0x002F	0x1283      	BCF        STATUS, 5
0x0030	0x1303      	BCF        STATUS, 6
0x0031	0x084B      	MOVF       ___DoICPAddr+1, 0
0x0032	0x008A      	MOVWF      PCLATH
;__Lib_System.c,10 :: 		
0x0033	0x084A      	MOVF       ___DoICPAddr, 0
0x0034	0x0082      	MOVWF      PCL
;__Lib_System.c,12 :: 		
L_end_____DoICP:
0x0035	0x0008      	RETURN
; end of _____DoICP
___CC2DW:
;__Lib_System.c,134 :: 		
;__Lib_System.c,137 :: 		
_CC2D_Loop1:
;__Lib_System.c,139 :: 		
0x0036	0x202F      	CALL       _____DoICP
0x0037	0x118A      	BCF        PCLATH, 3
0x0038	0x120A      	BCF        PCLATH, 4
;__Lib_System.c,141 :: 		
0x0039	0x0080      	MOVWF      INDF
;__Lib_System.c,142 :: 		
0x003A	0x0A84      	INCF       FSR, 1
;__Lib_System.c,143 :: 		
0x003B	0x0ACA      	INCF       ___DoICPAddr, 1
;__Lib_System.c,145 :: 		
0x003C	0x1903      	BTFSC      STATUS, 2
;__Lib_System.c,146 :: 		
0x003D	0x0ACB      	INCF       ___DoICPAddr+1, 1
;__Lib_System.c,147 :: 		
0x003E	0x03F0      	DECF       R0, 1
;__Lib_System.c,149 :: 		
0x003F	0x1D03      	BTFSS      STATUS, 2
;__Lib_System.c,150 :: 		
0x0040	0x2836      	GOTO       _CC2D_Loop1
;__Lib_System.c,152 :: 		
L_end___CC2DW:
0x0041	0x0008      	RETURN
; end of ___CC2DW
_Div_16x16_S:
;__Lib_Math.c,479 :: 		
;__Lib_Math.c,487 :: 		
0x0042	0x1283      	BCF        STATUS, 5
0x0043	0x1303      	BCF        STATUS, 6
0x0044	0x0874      	MOVF       R4, 0
0x0045	0x3A00      	XORLW      0
0x0046	0x1D03      	BTFSS      STATUS, 2
0x0047	0x2851      	GOTO       L_Div_16x16_S0
;__Lib_Math.c,488 :: 		
0x0048	0x0875      	MOVF       R5, 0
0x0049	0x3A00      	XORLW      0
0x004A	0x1D03      	BTFSS      STATUS, 2
0x004B	0x2851      	GOTO       L_Div_16x16_S1
;__Lib_Math.c,489 :: 		
0x004C	0x30FF      	MOVLW      255
0x004D	0x00F0      	MOVWF      R0
;__Lib_Math.c,490 :: 		
0x004E	0x307F      	MOVLW      127
0x004F	0x00F1      	MOVWF      R1
;__Lib_Math.c,491 :: 		
0x0050	0x28AA      	GOTO       L_end_Div_16x16_S
;__Lib_Math.c,492 :: 		
L_Div_16x16_S1:
L_Div_16x16_S0:
;__Lib_Math.c,495 :: 		
0x0051	0x1283      	BCF        STATUS, 5
;__Lib_Math.c,496 :: 		
0x0052	0x1303      	BCF        STATUS, 6
;__Lib_Math.c,497 :: 		
0x0053	0x01FD      	CLRF       R13
;__Lib_Math.c,498 :: 		
0x0054	0x01F9      	CLRF       R9
;__Lib_Math.c,499 :: 		
0x0055	0x01F8      	CLRF       R8
;__Lib_Math.c,500 :: 		
0x0056	0x0871      	MOVF       R1, 0
;__Lib_Math.c,501 :: 		
0x0057	0x0470      	IORWF      R0, 0
;__Lib_Math.c,502 :: 		
0x0058	0x1903      	BTFSC      STATUS, 2
;__Lib_Math.c,503 :: 		
0x0059	0x3400      	RETLW      0
;__Lib_Math.c,505 :: 		
0x005A	0x0871      	MOVF       R1, 0
;__Lib_Math.c,506 :: 		
0x005B	0x0675      	XORWF      R5, 0
;__Lib_Math.c,507 :: 		
0x005C	0x00FA      	MOVWF      R10
;__Lib_Math.c,508 :: 		
0x005D	0x1BFA      	BTFSC      R10, 7
;__Lib_Math.c,509 :: 		
0x005E	0x09FD      	COMF       R13, 1
;__Lib_Math.c,511 :: 		
0x005F	0x01FB      	CLRF       R11
;__Lib_Math.c,513 :: 		
0x0060	0x1FF5      	BTFSS      R5, 7
;__Lib_Math.c,514 :: 		
0x0061	0x2867      	GOTO       $+6
;__Lib_Math.c,516 :: 		
0x0062	0x09F4      	COMF       R4, 1
;__Lib_Math.c,517 :: 		
0x0063	0x09F5      	COMF       R5, 1
;__Lib_Math.c,518 :: 		
0x0064	0x0AF4      	INCF       R4, 1
;__Lib_Math.c,519 :: 		
0x0065	0x1903      	BTFSC      STATUS, 2
;__Lib_Math.c,520 :: 		
0x0066	0x0AF5      	INCF       R5, 1
;__Lib_Math.c,522 :: 		
0x0067	0x1FF1      	BTFSS      R1, 7
;__Lib_Math.c,523 :: 		
0x0068	0x286E      	GOTO       $+6
;__Lib_Math.c,525 :: 		
0x0069	0x09F0      	COMF       R0, 1
;__Lib_Math.c,526 :: 		
0x006A	0x09F1      	COMF       R1, 1
;__Lib_Math.c,527 :: 		
0x006B	0x0AF0      	INCF       R0, 1
;__Lib_Math.c,528 :: 		
0x006C	0x1903      	BTFSC      STATUS, 2
;__Lib_Math.c,529 :: 		
0x006D	0x0AF1      	INCF       R1, 1
;__Lib_Math.c,531 :: 		
0x006E	0x0871      	MOVF       R1, 0
;__Lib_Math.c,532 :: 		
0x006F	0x0475      	IORWF      R5, 0
;__Lib_Math.c,533 :: 		
0x0070	0x00FA      	MOVWF      R10
;__Lib_Math.c,534 :: 		
0x0071	0x1BFA      	BTFSC      R10, 7
;__Lib_Math.c,535 :: 		
0x0072	0x2883      	GOTO       $+17
;__Lib_Math.c,537 :: 		
0x0073	0x2003      	CALL       _Div_16x16_S_L
;__Lib_Math.c,539 :: 		
0x0074	0x187B      	BTFSC      R11, 0
;__Lib_Math.c,540 :: 		
0x0075	0x2896      	GOTO       $+33
;__Lib_Math.c,542 :: 		
0x0076	0x1FFD      	BTFSS      R13, 7
;__Lib_Math.c,543 :: 		
0x0077	0x3400      	RETLW      0
;__Lib_Math.c,545 :: 		
0x0078	0x09F0      	COMF       R0, 1
;__Lib_Math.c,546 :: 		
0x0079	0x09F1      	COMF       R1, 1
;__Lib_Math.c,547 :: 		
0x007A	0x0AF0      	INCF       R0, 1
;__Lib_Math.c,548 :: 		
0x007B	0x1903      	BTFSC      STATUS, 2
;__Lib_Math.c,549 :: 		
0x007C	0x0AF1      	INCF       R1, 1
;__Lib_Math.c,551 :: 		
0x007D	0x09F8      	COMF       R8, 1
;__Lib_Math.c,552 :: 		
0x007E	0x09F9      	COMF       R9, 1
;__Lib_Math.c,553 :: 		
0x007F	0x0AF8      	INCF       R8, 1
;__Lib_Math.c,554 :: 		
0x0080	0x1903      	BTFSC      STATUS, 2
;__Lib_Math.c,555 :: 		
0x0081	0x0AF9      	INCF       R9, 1
;__Lib_Math.c,557 :: 		
0x0082	0x3400      	RETLW      0
;__Lib_Math.c,559 :: 		
0x0083	0x1FF5      	BTFSS      R5, 7
;__Lib_Math.c,560 :: 		
0x0084	0x2892      	GOTO       $+14
;__Lib_Math.c,561 :: 		
0x0085	0x1BF1      	BTFSC      R1, 7
;__Lib_Math.c,562 :: 		
0x0086	0x288E      	GOTO       $+8
;__Lib_Math.c,563 :: 		
0x0087	0x0871      	MOVF       R1, 0
;__Lib_Math.c,564 :: 		
0x0088	0x00F9      	MOVWF      R9
;__Lib_Math.c,565 :: 		
0x0089	0x0870      	MOVF       R0, 0
;__Lib_Math.c,566 :: 		
0x008A	0x00F8      	MOVWF      R8
;__Lib_Math.c,567 :: 		
0x008B	0x01F1      	CLRF       R1
;__Lib_Math.c,568 :: 		
0x008C	0x01F0      	CLRF       R0
;__Lib_Math.c,569 :: 		
0x008D	0x2876      	GOTO       $-23
;__Lib_Math.c,570 :: 		
0x008E	0x01F1      	CLRF       R1
;__Lib_Math.c,571 :: 		
0x008F	0x01F0      	CLRF       R0
;__Lib_Math.c,572 :: 		
0x0090	0x0AF0      	INCF       R0, 1
;__Lib_Math.c,573 :: 		
0x0091	0x3400      	RETLW      0
;__Lib_Math.c,575 :: 		
0x0092	0x09F1      	COMF       R1, 1
;__Lib_Math.c,576 :: 		
0x0093	0x09F0      	COMF       R0, 1
;__Lib_Math.c,577 :: 		
0x0094	0x0AFB      	INCF       R11, 1
;__Lib_Math.c,578 :: 		
0x0095	0x2873      	GOTO       $-34
;__Lib_Math.c,580 :: 		
0x0096	0x0AF8      	INCF       R8, 1
;__Lib_Math.c,581 :: 		
0x0097	0x1903      	BTFSC      STATUS, 2
;__Lib_Math.c,582 :: 		
0x0098	0x0AF9      	INCF       R9, 1
;__Lib_Math.c,583 :: 		
0x0099	0x0874      	MOVF       R4, 0
;__Lib_Math.c,584 :: 		
0x009A	0x0278      	SUBWF      R8, 0
;__Lib_Math.c,585 :: 		
0x009B	0x1D03      	BTFSS      STATUS, 2
;__Lib_Math.c,586 :: 		
0x009C	0x2876      	GOTO       $-38
;__Lib_Math.c,587 :: 		
0x009D	0x0875      	MOVF       R5, 0
;__Lib_Math.c,588 :: 		
0x009E	0x0279      	SUBWF      R9, 0
;__Lib_Math.c,589 :: 		
0x009F	0x1D03      	BTFSS      STATUS, 2
;__Lib_Math.c,590 :: 		
0x00A0	0x2876      	GOTO       $-42
;__Lib_Math.c,591 :: 		
0x00A1	0x01F9      	CLRF       R9
;__Lib_Math.c,592 :: 		
0x00A2	0x01F8      	CLRF       R8
;__Lib_Math.c,593 :: 		
0x00A3	0x0AF0      	INCF       R0, 1
;__Lib_Math.c,594 :: 		
0x00A4	0x1903      	BTFSC      STATUS, 2
;__Lib_Math.c,595 :: 		
0x00A5	0x0AF1      	INCF       R1, 1
;__Lib_Math.c,596 :: 		
0x00A6	0x1FF1      	BTFSS      R1, 7
;__Lib_Math.c,597 :: 		
0x00A7	0x2876      	GOTO       $-49
;__Lib_Math.c,598 :: 		
0x00A8	0x0000      	NOP
;__Lib_Math.c,599 :: 		
0x00A9	0x34FF      	RETLW      255
;__Lib_Math.c,601 :: 		
L_end_Div_16x16_S:
0x00AA	0x0008      	RETURN
; end of _Div_16x16_S
_main:
0x00AB	0x21E2      	CALL       482
;Timer1AsyncOra.c,13 :: 		void main() {
;Timer1AsyncOra.c,14 :: 		T1CON.TMR1CS=1; //external clock , Kulso orajel
0x00AC	0x1283      	BCF        STATUS, 5
0x00AD	0x1303      	BCF        STATUS, 6
0x00AE	0x1490      	BSF        T1CON, 1
;Timer1AsyncOra.c,15 :: 		T1CON.T1CKPS1=0;// elooszto (prescaler)
0x00AF	0x1290      	BCF        T1CON, 5
;Timer1AsyncOra.c,16 :: 		T1CON.T1CKPS0=0;// elooszto (prescaler)
0x00B0	0x1210      	BCF        T1CON, 4
;Timer1AsyncOra.c,17 :: 		T1CON.T1SYNC=1;// aszinkron mukodes (asynchronous )
0x00B1	0x1510      	BSF        T1CON, 2
;Timer1AsyncOra.c,18 :: 		T1CON.TMR1ON=1;// Timer 1 bekapcsol
0x00B2	0x1410      	BSF        T1CON, 0
;Timer1AsyncOra.c,19 :: 		T1CON.T1OSCEN=1;// kulso orajel -> kell , external clock
0x00B3	0x1590      	BSF        T1CON, 3
;Timer1AsyncOra.c,20 :: 		PIR1.TMR1IF =0;// owerflow torlese , nem csordul tul
0x00B4	0x100C      	BCF        PIR1, 0
;Timer1AsyncOra.c,21 :: 		INTCON.GIE =1;// interrupt engedelyezese
0x00B5	0x178B      	BSF        INTCON, 7
;Timer1AsyncOra.c,22 :: 		INTCON.PEIE=1;// Peripheral interrupt engedelyezese
0x00B6	0x170B      	BSF        INTCON, 6
;Timer1AsyncOra.c,23 :: 		INTCON.RBIE=0;
0x00B7	0x118B      	BCF        INTCON, 3
;Timer1AsyncOra.c,24 :: 		TRISD = 0;
0x00B8	0x1683      	BSF        STATUS, 5
0x00B9	0x0188      	CLRF       TRISD
;Timer1AsyncOra.c,25 :: 		TRISB = 0b00001111; // nem lehet az egeszet , mivel problemat okoz
0x00BA	0x300F      	MOVLW      15
0x00BB	0x0086      	MOVWF      TRISB
;Timer1AsyncOra.c,26 :: 		PORTD = 0;
0x00BC	0x1283      	BCF        STATUS, 5
0x00BD	0x0188      	CLRF       PORTD
;Timer1AsyncOra.c,27 :: 		TMR1H = 0x80;
0x00BE	0x3080      	MOVLW      128
0x00BF	0x008F      	MOVWF      TMR1H
;Timer1AsyncOra.c,28 :: 		TMR1L = 0;
0x00C0	0x018E      	CLRF       TMR1L
;Timer1AsyncOra.c,29 :: 		while(1){
L_main0:
;Timer1AsyncOra.c,30 :: 		szamlalo++;
0x00C1	0x0AA0      	INCF       _szamlalo, 1
0x00C2	0x1903      	BTFSC      STATUS, 2
0x00C3	0x0AA1      	INCF       _szamlalo+1, 1
;Timer1AsyncOra.c,31 :: 		if(PIR1.TMR1IF){
0x00C4	0x1C0C      	BTFSS      PIR1, 0
0x00C5	0x28CD      	GOTO       L_main2
;Timer1AsyncOra.c,32 :: 		PIR1.TMR1IF=0;
0x00C6	0x100C      	BCF        PIR1, 0
;Timer1AsyncOra.c,33 :: 		TMR1H = 0x80; // testing if += makes a DIFFERENCE
0x00C7	0x3080      	MOVLW      128
0x00C8	0x008F      	MOVWF      TMR1H
;Timer1AsyncOra.c,34 :: 		TMR1L = 0;
0x00C9	0x018E      	CLRF       TMR1L
;Timer1AsyncOra.c,35 :: 		masodp++;
0x00CA	0x0AA2      	INCF       _masodp, 1
0x00CB	0x1903      	BTFSC      STATUS, 2
0x00CC	0x0AA3      	INCF       _masodp+1, 1
;Timer1AsyncOra.c,37 :: 		}
L_main2:
;Timer1AsyncOra.c,39 :: 		if(masodp>59){
0x00CD	0x3080      	MOVLW      128
0x00CE	0x00F0      	MOVWF      R0
0x00CF	0x3080      	MOVLW      128
0x00D0	0x0623      	XORWF      _masodp+1, 0
0x00D1	0x0270      	SUBWF      R0, 0
0x00D2	0x1D03      	BTFSS      STATUS, 2
0x00D3	0x28D6      	GOTO       L__main21
0x00D4	0x0822      	MOVF       _masodp, 0
0x00D5	0x3C3B      	SUBLW      59
L__main21:
0x00D6	0x1803      	BTFSC      STATUS, 0
0x00D7	0x28DD      	GOTO       L_main3
;Timer1AsyncOra.c,40 :: 		masodp=0;
0x00D8	0x01A2      	CLRF       _masodp
0x00D9	0x01A3      	CLRF       _masodp+1
;Timer1AsyncOra.c,41 :: 		perc2++;
0x00DA	0x0AC4      	INCF       _perc2, 1
0x00DB	0x1903      	BTFSC      STATUS, 2
0x00DC	0x0AC5      	INCF       _perc2+1, 1
;Timer1AsyncOra.c,42 :: 		}
L_main3:
;Timer1AsyncOra.c,43 :: 		if(perc2>9){
0x00DD	0x3080      	MOVLW      128
0x00DE	0x00F0      	MOVWF      R0
0x00DF	0x3080      	MOVLW      128
0x00E0	0x0645      	XORWF      _perc2+1, 0
0x00E1	0x0270      	SUBWF      R0, 0
0x00E2	0x1D03      	BTFSS      STATUS, 2
0x00E3	0x28E6      	GOTO       L__main22
0x00E4	0x0844      	MOVF       _perc2, 0
0x00E5	0x3C09      	SUBLW      9
L__main22:
0x00E6	0x1803      	BTFSC      STATUS, 0
0x00E7	0x28ED      	GOTO       L_main4
;Timer1AsyncOra.c,44 :: 		perc1++;
0x00E8	0x0AC6      	INCF       _perc1, 1
0x00E9	0x1903      	BTFSC      STATUS, 2
0x00EA	0x0AC7      	INCF       _perc1+1, 1
;Timer1AsyncOra.c,45 :: 		perc2=0;
0x00EB	0x01C4      	CLRF       _perc2
0x00EC	0x01C5      	CLRF       _perc2+1
;Timer1AsyncOra.c,46 :: 		}
L_main4:
;Timer1AsyncOra.c,47 :: 		if(perc1==6 && perc2==0){
0x00ED	0x3000      	MOVLW      0
0x00EE	0x0647      	XORWF      _perc1+1, 0
0x00EF	0x1D03      	BTFSS      STATUS, 2
0x00F0	0x28F3      	GOTO       L__main23
0x00F1	0x3006      	MOVLW      6
0x00F2	0x0646      	XORWF      _perc1, 0
L__main23:
0x00F3	0x1D03      	BTFSS      STATUS, 2
0x00F4	0x2904      	GOTO       L_main7
0x00F5	0x3000      	MOVLW      0
0x00F6	0x0645      	XORWF      _perc2+1, 0
0x00F7	0x1D03      	BTFSS      STATUS, 2
0x00F8	0x28FB      	GOTO       L__main24
0x00F9	0x3000      	MOVLW      0
0x00FA	0x0644      	XORWF      _perc2, 0
L__main24:
0x00FB	0x1D03      	BTFSS      STATUS, 2
0x00FC	0x2904      	GOTO       L_main7
L__main20:
;Timer1AsyncOra.c,48 :: 		ora2++;
0x00FD	0x0AC8      	INCF       _ora2, 1
0x00FE	0x1903      	BTFSC      STATUS, 2
0x00FF	0x0AC9      	INCF       _ora2+1, 1
;Timer1AsyncOra.c,49 :: 		perc1=0;
0x0100	0x01C6      	CLRF       _perc1
0x0101	0x01C7      	CLRF       _perc1+1
;Timer1AsyncOra.c,50 :: 		perc2=0;
0x0102	0x01C4      	CLRF       _perc2
0x0103	0x01C5      	CLRF       _perc2+1
;Timer1AsyncOra.c,51 :: 		}
L_main7:
;Timer1AsyncOra.c,52 :: 		if(ora2==10){
0x0104	0x3000      	MOVLW      0
0x0105	0x0649      	XORWF      _ora2+1, 0
0x0106	0x1D03      	BTFSS      STATUS, 2
0x0107	0x290A      	GOTO       L__main25
0x0108	0x300A      	MOVLW      10
0x0109	0x0648      	XORWF      _ora2, 0
L__main25:
0x010A	0x1D03      	BTFSS      STATUS, 2
0x010B	0x2911      	GOTO       L_main8
;Timer1AsyncOra.c,53 :: 		ora1++;
0x010C	0x0AC2      	INCF       _ora1, 1
0x010D	0x1903      	BTFSC      STATUS, 2
0x010E	0x0AC3      	INCF       _ora1+1, 1
;Timer1AsyncOra.c,54 :: 		ora2=0;
0x010F	0x01C8      	CLRF       _ora2
0x0110	0x01C9      	CLRF       _ora2+1
;Timer1AsyncOra.c,55 :: 		}
L_main8:
;Timer1AsyncOra.c,56 :: 		if(ora2==4 && ora1==2){
0x0111	0x3000      	MOVLW      0
0x0112	0x0649      	XORWF      _ora2+1, 0
0x0113	0x1D03      	BTFSS      STATUS, 2
0x0114	0x2917      	GOTO       L__main26
0x0115	0x3004      	MOVLW      4
0x0116	0x0648      	XORWF      _ora2, 0
L__main26:
0x0117	0x1D03      	BTFSS      STATUS, 2
0x0118	0x2925      	GOTO       L_main11
0x0119	0x3000      	MOVLW      0
0x011A	0x0643      	XORWF      _ora1+1, 0
0x011B	0x1D03      	BTFSS      STATUS, 2
0x011C	0x291F      	GOTO       L__main27
0x011D	0x3002      	MOVLW      2
0x011E	0x0642      	XORWF      _ora1, 0
L__main27:
0x011F	0x1D03      	BTFSS      STATUS, 2
0x0120	0x2925      	GOTO       L_main11
L__main19:
;Timer1AsyncOra.c,57 :: 		ora1=0;
0x0121	0x01C2      	CLRF       _ora1
0x0122	0x01C3      	CLRF       _ora1+1
;Timer1AsyncOra.c,58 :: 		ora2=0;
0x0123	0x01C8      	CLRF       _ora2
0x0124	0x01C9      	CLRF       _ora2+1
;Timer1AsyncOra.c,59 :: 		}
L_main11:
;Timer1AsyncOra.c,61 :: 		if(szamlalo % 12 ==0){
0x0125	0x300C      	MOVLW      12
0x0126	0x00F4      	MOVWF      R4
0x0127	0x3000      	MOVLW      0
0x0128	0x00F5      	MOVWF      R4+1
0x0129	0x0820      	MOVF       _szamlalo, 0
0x012A	0x00F0      	MOVWF      R0
0x012B	0x0821      	MOVF       _szamlalo+1, 0
0x012C	0x00F1      	MOVWF      R0+1
0x012D	0x2042      	CALL       _Div_16x16_S
0x012E	0x0878      	MOVF       R8, 0
0x012F	0x00F0      	MOVWF      R0
0x0130	0x0879      	MOVF       R8+1, 0
0x0131	0x00F1      	MOVWF      R0+1
0x0132	0x3000      	MOVLW      0
0x0133	0x0671      	XORWF      R0+1, 0
0x0134	0x1D03      	BTFSS      STATUS, 2
0x0135	0x2938      	GOTO       L__main28
0x0136	0x3000      	MOVLW      0
0x0137	0x0670      	XORWF      R0, 0
L__main28:
0x0138	0x1D03      	BTFSS      STATUS, 2
0x0139	0x2961      	GOTO       L_main12
;Timer1AsyncOra.c,62 :: 		PORTD = 0;
0x013A	0x0188      	CLRF       PORTD
;Timer1AsyncOra.c,63 :: 		kijelzo++;
0x013B	0x0AA4      	INCF       _kijelzo, 1
0x013C	0x1903      	BTFSC      STATUS, 2
0x013D	0x0AA5      	INCF       _kijelzo+1, 1
;Timer1AsyncOra.c,64 :: 		if(kijelzo<4){
0x013E	0x3080      	MOVLW      128
0x013F	0x0625      	XORWF      _kijelzo+1, 0
0x0140	0x00F0      	MOVWF      R0
0x0141	0x3080      	MOVLW      128
0x0142	0x0270      	SUBWF      R0, 0
0x0143	0x1D03      	BTFSS      STATUS, 2
0x0144	0x2947      	GOTO       L__main29
0x0145	0x3004      	MOVLW      4
0x0146	0x0224      	SUBWF      _kijelzo, 0
L__main29:
0x0147	0x1803      	BTFSC      STATUS, 0
0x0148	0x2955      	GOTO       L_main13
;Timer1AsyncOra.c,65 :: 		PORTB = KI[kijelzo];
0x0149	0x0824      	MOVF       _kijelzo, 0
0x014A	0x00F0      	MOVWF      R0
0x014B	0x0825      	MOVF       _kijelzo+1, 0
0x014C	0x00F1      	MOVWF      R0+1
0x014D	0x0DF0      	RLF        R0, 1
0x014E	0x0DF1      	RLF        R0+1, 1
0x014F	0x1070      	BCF        R0, 0
0x0150	0x0870      	MOVF       R0, 0
0x0151	0x3E26      	ADDLW      _KI
0x0152	0x0084      	MOVWF      FSR
0x0153	0x0800      	MOVF       INDF, 0
0x0154	0x0086      	MOVWF      PORTB
;Timer1AsyncOra.c,66 :: 		}
L_main13:
;Timer1AsyncOra.c,67 :: 		if(kijelzo==4){
0x0155	0x3000      	MOVLW      0
0x0156	0x0625      	XORWF      _kijelzo+1, 0
0x0157	0x1D03      	BTFSS      STATUS, 2
0x0158	0x295B      	GOTO       L__main30
0x0159	0x3004      	MOVLW      4
0x015A	0x0624      	XORWF      _kijelzo, 0
L__main30:
0x015B	0x1D03      	BTFSS      STATUS, 2
0x015C	0x2961      	GOTO       L_main14
;Timer1AsyncOra.c,68 :: 		kijelzo=-1;
0x015D	0x30FF      	MOVLW      255
0x015E	0x00A4      	MOVWF      _kijelzo
0x015F	0x30FF      	MOVLW      255
0x0160	0x00A5      	MOVWF      _kijelzo+1
;Timer1AsyncOra.c,69 :: 		}
L_main14:
;Timer1AsyncOra.c,71 :: 		}
L_main12:
;Timer1AsyncOra.c,72 :: 		if(kijelzo==0){
0x0161	0x3000      	MOVLW      0
0x0162	0x0625      	XORWF      _kijelzo+1, 0
0x0163	0x1D03      	BTFSS      STATUS, 2
0x0164	0x2967      	GOTO       L__main31
0x0165	0x3000      	MOVLW      0
0x0166	0x0624      	XORWF      _kijelzo, 0
L__main31:
0x0167	0x1D03      	BTFSS      STATUS, 2
0x0168	0x2975      	GOTO       L_main15
;Timer1AsyncOra.c,73 :: 		PORTD = szamok[ora1];
0x0169	0x0842      	MOVF       _ora1, 0
0x016A	0x00F0      	MOVWF      R0
0x016B	0x0843      	MOVF       _ora1+1, 0
0x016C	0x00F1      	MOVWF      R0+1
0x016D	0x0DF0      	RLF        R0, 1
0x016E	0x0DF1      	RLF        R0+1, 1
0x016F	0x1070      	BCF        R0, 0
0x0170	0x0870      	MOVF       R0, 0
0x0171	0x3E2E      	ADDLW      _szamok
0x0172	0x0084      	MOVWF      FSR
0x0173	0x0800      	MOVF       INDF, 0
0x0174	0x0088      	MOVWF      PORTD
;Timer1AsyncOra.c,74 :: 		}
L_main15:
;Timer1AsyncOra.c,75 :: 		if(kijelzo==1){
0x0175	0x3000      	MOVLW      0
0x0176	0x0625      	XORWF      _kijelzo+1, 0
0x0177	0x1D03      	BTFSS      STATUS, 2
0x0178	0x297B      	GOTO       L__main32
0x0179	0x3001      	MOVLW      1
0x017A	0x0624      	XORWF      _kijelzo, 0
L__main32:
0x017B	0x1D03      	BTFSS      STATUS, 2
0x017C	0x2989      	GOTO       L_main16
;Timer1AsyncOra.c,76 :: 		PORTD = szamok[ora2];
0x017D	0x0848      	MOVF       _ora2, 0
0x017E	0x00F0      	MOVWF      R0
0x017F	0x0849      	MOVF       _ora2+1, 0
0x0180	0x00F1      	MOVWF      R0+1
0x0181	0x0DF0      	RLF        R0, 1
0x0182	0x0DF1      	RLF        R0+1, 1
0x0183	0x1070      	BCF        R0, 0
0x0184	0x0870      	MOVF       R0, 0
0x0185	0x3E2E      	ADDLW      _szamok
0x0186	0x0084      	MOVWF      FSR
0x0187	0x0800      	MOVF       INDF, 0
0x0188	0x0088      	MOVWF      PORTD
;Timer1AsyncOra.c,77 :: 		}
L_main16:
;Timer1AsyncOra.c,78 :: 		if(kijelzo==2){
0x0189	0x3000      	MOVLW      0
0x018A	0x0625      	XORWF      _kijelzo+1, 0
0x018B	0x1D03      	BTFSS      STATUS, 2
0x018C	0x298F      	GOTO       L__main33
0x018D	0x3002      	MOVLW      2
0x018E	0x0624      	XORWF      _kijelzo, 0
L__main33:
0x018F	0x1D03      	BTFSS      STATUS, 2
0x0190	0x299D      	GOTO       L_main17
;Timer1AsyncOra.c,79 :: 		PORTD = szamok[perc1];
0x0191	0x0846      	MOVF       _perc1, 0
0x0192	0x00F0      	MOVWF      R0
0x0193	0x0847      	MOVF       _perc1+1, 0
0x0194	0x00F1      	MOVWF      R0+1
0x0195	0x0DF0      	RLF        R0, 1
0x0196	0x0DF1      	RLF        R0+1, 1
0x0197	0x1070      	BCF        R0, 0
0x0198	0x0870      	MOVF       R0, 0
0x0199	0x3E2E      	ADDLW      _szamok
0x019A	0x0084      	MOVWF      FSR
0x019B	0x0800      	MOVF       INDF, 0
0x019C	0x0088      	MOVWF      PORTD
;Timer1AsyncOra.c,80 :: 		}
L_main17:
;Timer1AsyncOra.c,81 :: 		if(kijelzo==3){
0x019D	0x3000      	MOVLW      0
0x019E	0x0625      	XORWF      _kijelzo+1, 0
0x019F	0x1D03      	BTFSS      STATUS, 2
0x01A0	0x29A3      	GOTO       L__main34
0x01A1	0x3003      	MOVLW      3
0x01A2	0x0624      	XORWF      _kijelzo, 0
L__main34:
0x01A3	0x1D03      	BTFSS      STATUS, 2
0x01A4	0x29B1      	GOTO       L_main18
;Timer1AsyncOra.c,82 :: 		PORTD = szamok[perc2];
0x01A5	0x0844      	MOVF       _perc2, 0
0x01A6	0x00F0      	MOVWF      R0
0x01A7	0x0845      	MOVF       _perc2+1, 0
0x01A8	0x00F1      	MOVWF      R0+1
0x01A9	0x0DF0      	RLF        R0, 1
0x01AA	0x0DF1      	RLF        R0+1, 1
0x01AB	0x1070      	BCF        R0, 0
0x01AC	0x0870      	MOVF       R0, 0
0x01AD	0x3E2E      	ADDLW      _szamok
0x01AE	0x0084      	MOVWF      FSR
0x01AF	0x0800      	MOVF       INDF, 0
0x01B0	0x0088      	MOVWF      PORTD
;Timer1AsyncOra.c,83 :: 		}
L_main18:
;Timer1AsyncOra.c,84 :: 		}
0x01B1	0x28C1      	GOTO       L_main0
;Timer1AsyncOra.c,85 :: 		}
0x01B2	0x29B2      	GOTO       $+0
; end of _main
0x01E2	0x3020      	MOVLW      32
0x01E3	0x0084      	MOVWF      FSR
0x01E4	0x302A      	MOVLW      42
0x01E5	0x1283      	BCF        STATUS, 5
0x01E6	0x1303      	BCF        STATUS, 6
0x01E7	0x00F0      	MOVWF      R0
0x01E8	0x30B8      	MOVLW      184
0x01E9	0x00CA      	MOVWF      ___DoICPAddr
0x01EA	0x3001      	MOVLW      1
0x01EB	0x00CB      	MOVWF      75
0x01EC	0x2036      	CALL       54
0x01ED	0x0008      	RETURN
;Timer1AsyncOra.c,0 :: ?ICS_szamlalo
0x01B8	0x3400 ;?ICS_szamlalo+0
0x01B9	0x3400 ;?ICS_szamlalo+1
; end of ?ICS_szamlalo
;Timer1AsyncOra.c,0 :: ?ICS_masodp
0x01BA	0x3400 ;?ICS_masodp+0
0x01BB	0x3400 ;?ICS_masodp+1
; end of ?ICS_masodp
;Timer1AsyncOra.c,0 :: ?ICS_kijelzo
0x01BC	0x3400 ;?ICS_kijelzo+0
0x01BD	0x3400 ;?ICS_kijelzo+1
; end of ?ICS_kijelzo
;Timer1AsyncOra.c,0 :: ?ICS_KI
0x01BE	0x3480 ;?ICS_KI+0
0x01BF	0x3400 ;?ICS_KI+1
0x01C0	0x3440 ;?ICS_KI+2
0x01C1	0x3400 ;?ICS_KI+3
0x01C2	0x3420 ;?ICS_KI+4
0x01C3	0x3400 ;?ICS_KI+5
0x01C4	0x3410 ;?ICS_KI+6
0x01C5	0x3400 ;?ICS_KI+7
; end of ?ICS_KI
;Timer1AsyncOra.c,0 :: ?ICS_szamok
0x01C6	0x347B ;?ICS_szamok+0
0x01C7	0x3400 ;?ICS_szamok+1
0x01C8	0x3430 ;?ICS_szamok+2
0x01C9	0x3400 ;?ICS_szamok+3
0x01CA	0x3467 ;?ICS_szamok+4
0x01CB	0x3400 ;?ICS_szamok+5
0x01CC	0x3476 ;?ICS_szamok+6
0x01CD	0x3400 ;?ICS_szamok+7
0x01CE	0x343C ;?ICS_szamok+8
0x01CF	0x3400 ;?ICS_szamok+9
0x01D0	0x345E ;?ICS_szamok+10
0x01D1	0x3400 ;?ICS_szamok+11
0x01D2	0x345F ;?ICS_szamok+12
0x01D3	0x3400 ;?ICS_szamok+13
0x01D4	0x3470 ;?ICS_szamok+14
0x01D5	0x3400 ;?ICS_szamok+15
0x01D6	0x347F ;?ICS_szamok+16
0x01D7	0x3400 ;?ICS_szamok+17
0x01D8	0x347E ;?ICS_szamok+18
0x01D9	0x3400 ;?ICS_szamok+19
; end of ?ICS_szamok
;Timer1AsyncOra.c,0 :: ?ICS_ora1
0x01DA	0x3400 ;?ICS_ora1+0
0x01DB	0x3400 ;?ICS_ora1+1
; end of ?ICS_ora1
;Timer1AsyncOra.c,0 :: ?ICS_perc2
0x01DC	0x3400 ;?ICS_perc2+0
0x01DD	0x3400 ;?ICS_perc2+1
; end of ?ICS_perc2
;Timer1AsyncOra.c,0 :: ?ICS_perc1
0x01DE	0x3400 ;?ICS_perc1+0
0x01DF	0x3400 ;?ICS_perc1+1
; end of ?ICS_perc1
;Timer1AsyncOra.c,0 :: ?ICS_ora2
0x01E0	0x3400 ;?ICS_ora2+0
0x01E1	0x3400 ;?ICS_ora2+1
; end of ?ICS_ora2
Symbol List:
//** Routines locations **
//ADDRESS    SIZE    PROCEDURE
//----------------------------------------------
0x0003      [44]    _Div_16x16_S_L
0x002F       [7]    _____DoICP
0x0036      [12]    ___CC2DW
0x0042     [105]    _Div_16x16_S
0x00AB     [263]    _main
//** Variables locations ** 
//ADDRESS    SIZE    VARIABLE
//----------------------------------------------
0x0000       [1]    INDF
0x0001       [1]    TMR0
0x0002       [1]    PCL
0x0003       [0]    RP0_bit
0x0003       [0]    IRP_bit
0x0003       [1]    STATUS
0x0003       [0]    Z_bit
0x0003       [0]    C_bit
0x0003       [0]    DC_bit
0x0003       [0]    NOT_TO_bit
0x0003       [0]    RP1_bit
0x0003       [0]    NOT_PD_bit
0x0004       [1]    FSRPTR
0x0004       [1]    FSR
0x0005       [0]    RA4_bit
0x0005       [0]    RA3_bit
0x0005       [0]    RA5_bit
0x0005       [1]    PORTA
0x0005       [0]    RA0_bit
0x0005       [0]    RA1_bit
0x0005       [0]    RA2_bit
0x0006       [0]    RB2_bit
0x0006       [0]    RB1_bit
0x0006       [0]    RB0_bit
0x0006       [0]    RB5_bit
0x0006       [0]    RB4_bit
0x0006       [0]    RB7_bit
0x0006       [0]    RB6_bit
0x0006       [1]    PORTB
0x0006       [0]    RB3_bit
0x0007       [1]    PORTC
0x0007       [0]    RC5_bit
0x0007       [0]    RC4_bit
0x0007       [0]    RC3_bit
0x0007       [0]    RC1_bit
0x0007       [0]    RC0_bit
0x0007       [0]    RC2_bit
0x0007       [0]    RC6_bit
0x0007       [0]    RC7_bit
0x0008       [0]    RD4_bit
0x0008       [0]    RD5_bit
0x0008       [0]    RD7_bit
0x0008       [0]    RD6_bit
0x0008       [0]    RD0_bit
0x0008       [1]    PORTD
0x0008       [0]    RD1_bit
0x0008       [0]    RD3_bit
0x0008       [0]    RD2_bit
0x0009       [1]    PORTE
0x0009       [0]    RE0_bit
0x0009       [0]    RE1_bit
0x0009       [0]    RE2_bit
0x000A       [1]    PCLATH
0x000B       [0]    INTF_bit
0x000B       [0]    RBIE_bit
0x000B       [0]    INTE_bit
0x000B       [0]    T0IE_bit
0x000B       [0]    TMR0IE_bit
0x000B       [0]    PEIE_bit
0x000B       [1]    INTCON
0x000B       [0]    TMR0IF_bit
0x000B       [0]    RBIF_bit
0x000B       [0]    T0IF_bit
0x000B       [0]    GIE_bit
0x000C       [0]    TMR2IF_bit
0x000C       [0]    PSPIF_bit
0x000C       [1]    PIR1
0x000C       [0]    ADIF_bit
0x000C       [0]    TMR1IF_bit
0x000C       [0]    SSPIF_bit
0x000C       [0]    CCP1IF_bit
0x000C       [0]    TXIF_bit
0x000C       [0]    RCIF_bit
0x000D       [0]    BCLIF_bit
0x000D       [1]    PIR2
0x000D       [0]    EEIF_bit
0x000D       [0]    CCP2IF_bit
0x000E       [1]    TMR1L
0x000F       [1]    TMR1H
0x0010       [0]    TMR1ON_bit
0x0010       [0]    T1CKPS1_bit
0x0010       [0]    T1INSYNC_bit
0x0010       [0]    TMR1CS_bit
0x0010       [0]    NOT_T1SYNC_bit
0x0010       [0]    T1CKPS0_bit
0x0010       [0]    T1SYNC_bit
0x0010       [0]    T1OSCEN_bit
0x0010       [1]    T1CON
0x0011       [1]    TMR2
0x0012       [0]    TOUTPS1_bit
0x0012       [0]    TOUTPS3_bit
0x0012       [0]    TOUTPS2_bit
0x0012       [1]    T2CON
0x0012       [0]    T2CKPS0_bit
0x0012       [0]    TMR2ON_bit
0x0012       [0]    TOUTPS0_bit
0x0012       [0]    T2CKPS1_bit
0x0013       [1]    SSPBUF
0x0014       [0]    SSPM1_bit
0x0014       [0]    SSPM0_bit
0x0014       [0]    SSPM3_bit
0x0014       [0]    SSPM2_bit
0x0014       [0]    WCOL_bit
0x0014       [0]    CKP_bit
0x0014       [1]    SSPCON
0x0014       [0]    SSPOV_bit
0x0014       [0]    SSPEN_bit
0x0015       [2]    CCPR1
0x0015       [1]    CCPR1L
0x0016       [1]    CCPR1H
0x0017       [0]    CCP1M1_bit
0x0017       [0]    CCP1M2_bit
0x0017       [0]    CCP1M3_bit
0x0017       [1]    CCP1CON
0x0017       [0]    CCP1X_bit
0x0017       [0]    CCP1Y_bit
0x0017       [0]    CCP1M0_bit
0x0018       [0]    NOT_RC8_bit
0x0018       [0]    OERR_bit
0x0018       [0]    RC8_9_bit
0x0018       [0]    RX9D_bit
0x0018       [1]    RCSTA
0x0018       [0]    SPEN_bit
0x0018       [0]    RC9_bit
0x0018       [0]    RX9_bit
0x0018       [0]    SREN_bit
0x0018       [0]    RCD8_bit
0x0018       [0]    FERR_bit
0x0018       [0]    ADDEN_bit
0x0018       [0]    CREN_bit
0x0019       [1]    TXREG
0x001A       [1]    RCREG
0x001B       [1]    CCPR2L
0x001B       [2]    CCPR2
0x001C       [1]    CCPR2H
0x001D       [0]    CCP2M3_bit
0x001D       [0]    CCP2X_bit
0x001D       [0]    CCP2Y_bit
0x001D       [0]    CCP2M0_bit
0x001D       [0]    CCP2M2_bit
0x001D       [0]    CCP2M1_bit
0x001D       [1]    CCP2CON
0x001E       [1]    ADRESH
0x001F       [0]    CHS0_bit
0x001F       [0]    GO_bit
0x001F       [0]    NOT_DONE_bit
0x001F       [0]    ADCS1_bit
0x001F       [0]    CHS2_bit
0x001F       [0]    GO_NOT_DONE_bit
0x001F       [0]    ADCS0_bit
0x001F       [0]    GO_DONE_bit
0x001F       [1]    ADCON0
0x001F       [0]    CHS1_bit
0x001F       [0]    ADON_bit
0x0020       [2]    _szamlalo
0x0022       [2]    _masodp
0x0024       [2]    _kijelzo
0x0026       [8]    _KI
0x002E      [20]    _szamok
0x0042       [2]    _ora1
0x0044       [2]    _perc2
0x0046       [2]    _perc1
0x0048       [2]    _ora2
0x004A       [2]    ___DoICPAddr
0x0070       [1]    R0
0x0071       [1]    R1
0x0072       [1]    R2
0x0073       [1]    R3
0x0074       [1]    R4
0x0075       [1]    R5
0x0076       [1]    R6
0x0077       [1]    R7
0x0078       [1]    R8
0x0079       [1]    R9
0x007A       [1]    R10
0x007B       [1]    R11
0x007C       [1]    R12
0x007D       [1]    R13
0x007E       [1]    R14
0x007F       [1]    R15
0x0081       [0]    NOT_RBPU_bit
0x0081       [0]    PS0_bit
0x0081       [0]    T0CS_bit
0x0081       [0]    INTEDG_bit
0x0081       [0]    PS1_bit
0x0081       [0]    PSA_bit
0x0081       [0]    T0SE_bit
0x0081       [0]    PS2_bit
0x0081       [1]    OPTION_REG
0x0085       [0]    TRISA4_bit
0x0085       [0]    TRISA5_bit
0x0085       [1]    TRISA
0x0085       [0]    TRISA3_bit
0x0085       [0]    TRISA0_bit
0x0085       [0]    TRISA1_bit
0x0085       [0]    TRISA2_bit
0x0086       [0]    TRISB6_bit
0x0086       [0]    TRISB5_bit
0x0086       [1]    TRISB
0x0086       [0]    TRISB7_bit
0x0086       [0]    TRISB4_bit
0x0086       [0]    TRISB1_bit
0x0086       [0]    TRISB0_bit
0x0086       [0]    TRISB3_bit
0x0086       [0]    TRISB2_bit
0x0087       [1]    TRISC
0x0087       [0]    TRISC2_bit
0x0087       [0]    TRISC3_bit
0x0087       [0]    TRISC0_bit
0x0087       [0]    TRISC1_bit
0x0087       [0]    TRISC6_bit
0x0087       [0]    TRISC7_bit
0x0087       [0]    TRISC4_bit
0x0087       [0]    TRISC5_bit
0x0088       [0]    TRISD3_bit
0x0088       [0]    TRISD4_bit
0x0088       [0]    TRISD2_bit
0x0088       [0]    TRISD0_bit
0x0088       [0]    TRISD1_bit
0x0088       [0]    TRISD7_bit
0x0088       [1]    TRISD
0x0088       [0]    TRISD5_bit
0x0088       [0]    TRISD6_bit
0x0089       [0]    OBF_TRISE_bit
0x0089       [0]    IBOV_TRISE_bit
0x0089       [1]    TRISE
0x0089       [0]    IBF_TRISE_bit
0x0089       [0]    PSPMODE_TRISE_bit
0x0089       [0]    IBOV_bit
0x0089       [0]    PSPMODE_bit
0x0089       [0]    IBF_bit
0x0089       [0]    OBF_bit
0x0089       [0]    TRISE1_bit
0x0089       [0]    TRISE2_bit
0x0089       [0]    TRISE0_bit
0x008C       [0]    CCP1IE_bit
0x008C       [0]    SSPIE_bit
0x008C       [0]    TMR2IE_bit
0x008C       [1]    PIE1
0x008C       [0]    TMR1IE_bit
0x008C       [0]    TXIE_bit
0x008C       [0]    PSPIE_bit
0x008C       [0]    ADIE_bit
0x008C       [0]    RCIE_bit
0x008D       [0]    EEIE_bit
0x008D       [1]    PIE2
0x008D       [0]    CCP2IE_bit
0x008D       [0]    BCLIE_bit
0x008E       [1]    PCON
0x008E       [0]    NOT_BO_bit
0x008E       [0]    NOT_BOR_bit
0x008E       [0]    NOT_POR_bit
0x0091       [1]    SSPCON2
0x0091       [0]    RCEN_bit
0x0091       [0]    PEN_bit
0x0091       [0]    ACKDT_bit
0x0091       [0]    ACKEN_bit
0x0091       [0]    SEN_bit
0x0091       [0]    ACKSTAT_bit
0x0091       [0]    RSEN_bit
0x0091       [0]    GCEN_bit
0x0092       [1]    PR2
0x0093       [1]    SSPADD
0x0094       [0]    D_bit
0x0094       [0]    DATA_ADDRESS_bit
0x0094       [0]    SMP_bit
0x0094       [0]    R_bit
0x0094       [0]    I2C_READ_bit
0x0094       [0]    I2C_DATA_bit
0x0094       [0]    NOT_W_bit
0x0094       [0]    I2C_START__bit
0x0094       [0]    I2C_STOP__bit
0x0094       [0]    P_bit
0x0094       [0]    D_NOT_A_bit
0x0094       [0]    CKE_bit
0x0094       [0]    S_bit
0x0094       [0]    BF_bit
0x0094       [0]    UA_bit
0x0094       [0]    R_NOT_W_bit
0x0094       [0]    NOT_A_bit
0x0094       [0]    D_A_bit
0x0094       [0]    READ_WRITE_bit
0x0094       [0]    NOT_WRITE_bit
0x0094       [1]    SSPSTAT
0x0094       [0]    R_W_bit
0x0094       [0]    NOT_ADDRESS_bit
0x0098       [0]    TXEN_bit
0x0098       [0]    SYNC_bit
0x0098       [0]    CSRC_bit
0x0098       [0]    TX9_bit
0x0098       [0]    TX9D_bit
0x0098       [1]    TXSTA
0x0098       [0]    BRGH_bit
0x0098       [0]    TRMT_bit
0x0098       [0]    TX8_9_bit
0x0098       [0]    NOT_TX8_bit
0x0098       [0]    TXD8_bit
0x0099       [1]    SPBRG
0x009E       [1]    ADRESL
0x009F       [0]    PCFG2_bit
0x009F       [1]    ADCON1
0x009F       [0]    PCFG0_bit
0x009F       [0]    ADFM_bit
0x009F       [0]    PCFG3_bit
0x009F       [0]    PCFG1_bit
0x010C       [1]    EEDATA
0x010D       [1]    EEADR
0x010E       [1]    EEDATH
0x010F       [1]    EEADRH
0x018C       [0]    WR_bit
0x018C       [0]    RD_bit
0x018C       [1]    EECON1
0x018C       [0]    EEPGD_bit
0x018C       [0]    WRERR_bit
0x018C       [0]    WREN_bit
0x018D       [1]    EECON2
//** Constants locations ** 
//ADDRESS    SIZE    CONSTANT
//----------------------------------------------
0x01B8       [2]    ?ICS_szamlalo
0x01BA       [2]    ?ICS_masodp
0x01BC       [2]    ?ICS_kijelzo
0x01BE       [8]    ?ICS_KI
0x01C6      [20]    ?ICS_szamok
0x01DA       [2]    ?ICS_ora1
0x01DC       [2]    ?ICS_perc2
0x01DE       [2]    ?ICS_perc1
0x01E0       [2]    ?ICS_ora2
//** Label List: ** 
//----------------------------------------------
  L_main0
  L_main1
  L_main2
  L_main3
  L_main4
  L_main5
  L_main6
  L_main7
  L_main8
  L_main9
  L_main10
  L_main11
  L_main12
  L_main13
  L_main14
  L_main15
  L_main16
  L_main17
  L_main18
  L__main19
  L__main20
  _main
  L__main21
  L__main22
  L__main23
  L__main24
  L__main25
  L__main26
  L__main27
  L__main28
  L__main29
  L__main30
  L__main31
  L__main32
  L__main33
  L__main34
  L_Div_16x16_S0
  L_Div_16x16_S1
  LOOPS3232A
  SADD22LA
  SOK22LA
  SADD22L8
  SOK22L8
  LOOPS3232B
  SADD22LB
  SOK22LB
  SADD22L16
  SOK22L16
  LOOPS3232C
  SADD22LC
  SOK22LC
  SADD22L24
  SOK22L24
  LOOPS3232D
  SADD22LD
  SOK22LD
  SOK22L
  L_Div_32x32_S6
  L_Div_32x32_S7
  L_Div_32x32_S8
  L_Div_32x32_S9
  FXD3232S
  END_ALL
  CA3232S
  C3232SX
  C3232SX1
  C3232S
  C3232S2
  C3232SX4
  C3232SOK
  C3232SX3
  C3232SX2
  avoid_comfrem
  LOOPU3232A
  UADD22LA
  UOK22LA
  UADD22L8
  UOK22L8
  LOOPU3232B
  UADD22LB
  UOK22LB
  UADD22L16
  UOK22L16
  LOOPU3232C
  UADD22LC
  UOK22LC
  UADD22L24
  UOK22L24
  LOOPU3232D
  UADD22LD
  UOK22LD
  UOK22L
  _NEXT
  _EXIT2
  _LOOP
  _EXIT1
  _IF_FIRST
  _IF_SECOND
  _INVERCE_FIRST
  _MULT
  _INBERSE_SECOND
  _EXIT
  L_end_Mul_8x8_U
  _Mul_8x8_U
  L_end_Mul_16x16_U
  _Mul_16x16_U
  L_end_Div_8x8_U
  _Div_8x8_U
  L_end_Div_16x16_U
  _Div_16x16_U
  L_end_Mul_8x8_S
  _Mul_8x8_S
  L_end_Mul_16x16_S
  _Mul_16x16_S
  L_end_Div_16x16_S_L
  _Div_16x16_S_L
  L_end_Div_16x16_S
  _Div_16x16_S
  L_end_Div_8x8_S
  _Div_8x8_S
  L_end_SDIV3232L
  _SDIV3232L
  L_end_COMFREM
  _COMFREM
  L_end_Div_32x32_S
  _Div_32x32_S
  L_end_Div_32x32_U
  _Div_32x32_U
  L_end_Mul_32x32_U
  _Mul_32x32_U
  L_end_Mul_32x32_S
  _Mul_32x32_S
  L_loopCA2AWs
  L_CA2AWend
  _CCA2AW_Loop1
  L_loopCS2Ss
  L_CS2Send
  _CCS2S_Loop1
  L_CCS2Send
  L_loopFZinSWs
  L_FZinSend
  _CC2D_Loop1
  L_end_____DoICP
  _____DoICP
  L_end_____DoIFC
  _____DoIFC
  L_end___CA2AW
  ___CA2AW
  L_end___CCA2AW
  ___CCA2AW
  L_end___CS2S
  ___CS2S
  L_end___CCS2S
  ___CCS2S
  L_end___FZinS
  ___FZinS
  L_end___CC2DW
  ___CC2DW
  L_end_Swap
  _Swap
